<?xml version="1.0" encoding="UTF-8"?>
<!-- Generated by org.testng.reporters.JUnitReportReporter -->
<testsuite hostname="Pramods-MBP.broadband" failures="0" tests="1" name="TestRunner" time="70.355" errors="0" timestamp="7 Apr 2021 21:09:32 GMT">
  <testcase classname="TestRunner" name="feature" time="70.355"/>
</testsuite> <!-- TestRunner -->
